<?xml version="1.0" encoding="UTF-8"?>
<testng-results ignored="0" total="5" passed="5" failed="0" skipped="0">
  <reporter-output>
  </reporter-output>
  <suite started-at="2022-05-02T15:35:34 IST" name="Default suite" finished-at="2022-05-02T15:35:34 IST" duration-ms="136">
    <groups>
    </groups>
    <test started-at="2022-05-02T15:35:34 IST" name="Default test" finished-at="2022-05-02T15:35:34 IST" duration-ms="136">
      <class name="interfaceExample.SBI">
        <test-method signature="branchDetails()[pri:0, instance:interfaceExample.SBI@d6e7bab]" started-at="2022-05-02T15:35:34 IST" name="branchDetails" finished-at="2022-05-02T15:35:34 IST" duration-ms="15" status="PASS">
          <reporter-output>
          </reporter-output>
        </test-method> <!-- branchDetails -->
        <test-method signature="current()[pri:0, instance:interfaceExample.SBI@d6e7bab]" started-at="2022-05-02T15:35:34 IST" name="current" finished-at="2022-05-02T15:35:34 IST" duration-ms="4" status="PASS">
          <reporter-output>
          </reporter-output>
        </test-method> <!-- current -->
        <test-method signature="joint()[pri:0, instance:interfaceExample.SBI@d6e7bab]" started-at="2022-05-02T15:35:34 IST" name="joint" finished-at="2022-05-02T15:35:34 IST" duration-ms="7" status="PASS">
          <reporter-output>
          </reporter-output>
        </test-method> <!-- joint -->
        <test-method signature="salary()[pri:0, instance:interfaceExample.SBI@d6e7bab]" started-at="2022-05-02T15:35:34 IST" name="salary" finished-at="2022-05-02T15:35:34 IST" duration-ms="3" status="PASS">
          <reporter-output>
          </reporter-output>
        </test-method> <!-- salary -->
        <test-method signature="saving()[pri:0, instance:interfaceExample.SBI@d6e7bab]" started-at="2022-05-02T15:35:34 IST" name="saving" finished-at="2022-05-02T15:35:34 IST" duration-ms="1" status="PASS">
          <reporter-output>
          </reporter-output>
        </test-method> <!-- saving -->
      </class> <!-- interfaceExample.SBI -->
    </test> <!-- Default test -->
  </suite> <!-- Default suite -->
</testng-results>
