<?xml version="1.0" encoding="UTF-8"?>
<!-- Generated by org.testng.reporters.JUnitXMLReporter -->
<testsuite ignored="0" hostname="LAPTOP-TPCL9IFH" failures="0" tests="5" name="Default test" time="0.136" errors="0" timestamp="2022-05-02T15:35:34 IST">
  <testcase classname="interfaceExample.SBI" name="branchDetails" time="0.015"/>
  <testcase classname="interfaceExample.SBI" name="current" time="0.004"/>
  <testcase classname="interfaceExample.SBI" name="joint" time="0.007"/>
  <testcase classname="interfaceExample.SBI" name="salary" time="0.003"/>
  <testcase classname="interfaceExample.SBI" name="saving" time="0.001"/>
</testsuite> <!-- Default test -->
